2015-01-16 16:33:29,260 [Worker-3] INFO  o.e.m.c.i.e.AbstractTransferListenerAdapter - Downloading https://repo.spring.io/libs-release/org/springframework/boot/spring-boot-starter-parent/1.1.10.RELEASE/spring-boot-starter-parent-1.1.10.RELEASE.pom
2015-01-16 16:33:29,486 [Worker-3] INFO  o.e.m.c.i.e.AbstractTransferListenerAdapter - Downloaded https://repo.spring.io/libs-release/org/springframework/boot/spring-boot-starter-parent/1.1.10.RELEASE/spring-boot-starter-parent-1.1.10.RELEASE.pom
2015-01-16 16:33:30,014 [Worker-3] INFO  o.e.m.c.i.e.AbstractTransferListenerAdapter - Downloading https://repo.spring.io/libs-release/org/springframework/boot/spring-boot-dependencies/1.1.10.RELEASE/spring-boot-dependencies-1.1.10.RELEASE.pom
2015-01-16 16:33:30,406 [Worker-3] INFO  o.e.m.c.i.e.AbstractTransferListenerAdapter - Downloaded https://repo.spring.io/libs-release/org/springframework/boot/spring-boot-dependencies/1.1.10.RELEASE/spring-boot-dependencies-1.1.10.RELEASE.pom
2015-01-16 16:33:30,966 [Worker-3] INFO  o.e.m.c.i.e.AbstractTransferListenerAdapter - Downloading https://repo.spring.io/libs-release/org/springframework/spring-framework-bom/4.0.8.RELEASE/spring-framework-bom-4.0.8.RELEASE.pom
2015-01-16 16:33:31,174 [Worker-3] INFO  o.e.m.c.i.e.AbstractTransferListenerAdapter - Downloaded https://repo.spring.io/libs-release/org/springframework/spring-framework-bom/4.0.8.RELEASE/spring-framework-bom-4.0.8.RELEASE.pom
2015-01-16 16:33:31,693 [Worker-3] INFO  o.e.m.c.i.e.AbstractTransferListenerAdapter - Downloading https://repo.spring.io/libs-release/org/springframework/data/spring-data-releasetrain/Dijkstra-SR4/spring-data-releasetrain-Dijkstra-SR4.pom
2015-01-16 16:33:31,902 [Worker-3] INFO  o.e.m.c.i.e.AbstractTransferListenerAdapter - Downloaded https://repo.spring.io/libs-release/org/springframework/data/spring-data-releasetrain/Dijkstra-SR4/spring-data-releasetrain-Dijkstra-SR4.pom
2015-01-16 16:33:32,418 [Worker-3] INFO  o.e.m.c.i.e.AbstractTransferListenerAdapter - Downloading https://repo.spring.io/libs-release/org/springframework/data/build/spring-data-build/1.4.4.RELEASE/spring-data-build-1.4.4.RELEASE.pom
2015-01-16 16:33:32,668 [Worker-3] INFO  o.e.m.c.i.e.AbstractTransferListenerAdapter - Downloaded https://repo.spring.io/libs-release/org/springframework/data/build/spring-data-build/1.4.4.RELEASE/spring-data-build-1.4.4.RELEASE.pom
2015-01-16 16:33:33,205 [Worker-3] INFO  o.e.m.c.i.e.AbstractTransferListenerAdapter - Downloading https://repo.spring.io/libs-release/org/springframework/integration/spring-integration-bom/4.0.5.RELEASE/spring-integration-bom-4.0.5.RELEASE.pom
2015-01-16 16:33:33,419 [Worker-3] INFO  o.e.m.c.i.e.AbstractTransferListenerAdapter - Downloaded https://repo.spring.io/libs-release/org/springframework/integration/spring-integration-bom/4.0.5.RELEASE/spring-integration-bom-4.0.5.RELEASE.pom
2015-01-16 16:33:33,943 [Worker-3] INFO  o.e.m.c.i.e.AbstractTransferListenerAdapter - Downloading https://repo.spring.io/libs-release/org/springframework/security/spring-security-bom/3.2.5.RELEASE/spring-security-bom-3.2.5.RELEASE.pom
2015-01-16 16:33:34,149 [Worker-3] INFO  o.e.m.c.i.e.AbstractTransferListenerAdapter - Downloaded https://repo.spring.io/libs-release/org/springframework/security/spring-security-bom/3.2.5.RELEASE/spring-security-bom-3.2.5.RELEASE.pom
2015-01-16 16:33:34,898 [Worker-3] INFO  o.e.m.c.i.e.AbstractTransferListenerAdapter - Downloading https://repo.spring.io/libs-release/org/springframework/boot/spring-boot-maven-plugin/1.1.10.RELEASE/spring-boot-maven-plugin-1.1.10.RELEASE.pom
2015-01-16 16:33:35,109 [Worker-3] INFO  o.e.m.c.i.e.AbstractTransferListenerAdapter - Downloaded https://repo.spring.io/libs-release/org/springframework/boot/spring-boot-maven-plugin/1.1.10.RELEASE/spring-boot-maven-plugin-1.1.10.RELEASE.pom
2015-01-16 16:33:35,624 [Worker-3] INFO  o.e.m.c.i.e.AbstractTransferListenerAdapter - Downloading https://repo.spring.io/libs-release/org/springframework/boot/spring-boot-tools/1.1.10.RELEASE/spring-boot-tools-1.1.10.RELEASE.pom
2015-01-16 16:33:35,834 [Worker-3] INFO  o.e.m.c.i.e.AbstractTransferListenerAdapter - Downloaded https://repo.spring.io/libs-release/org/springframework/boot/spring-boot-tools/1.1.10.RELEASE/spring-boot-tools-1.1.10.RELEASE.pom
2015-01-16 16:33:36,355 [Worker-3] INFO  o.e.m.c.i.e.AbstractTransferListenerAdapter - Downloading https://repo.spring.io/libs-release/org/springframework/boot/spring-boot-parent/1.1.10.RELEASE/spring-boot-parent-1.1.10.RELEASE.pom
2015-01-16 16:33:36,675 [Worker-3] INFO  o.e.m.c.i.e.AbstractTransferListenerAdapter - Downloaded https://repo.spring.io/libs-release/org/springframework/boot/spring-boot-parent/1.1.10.RELEASE/spring-boot-parent-1.1.10.RELEASE.pom
2015-01-16 16:33:37,254 [Worker-3] INFO  o.e.m.c.i.e.AbstractTransferListenerAdapter - Downloading https://repo.spring.io/libs-release/org/springframework/boot/spring-boot-maven-plugin/1.1.10.RELEASE/spring-boot-maven-plugin-1.1.10.RELEASE.jar
2015-01-16 16:33:37,648 [Worker-3] INFO  o.e.m.c.i.e.AbstractTransferListenerAdapter - Downloaded https://repo.spring.io/libs-release/org/springframework/boot/spring-boot-maven-plugin/1.1.10.RELEASE/spring-boot-maven-plugin-1.1.10.RELEASE.jar
2015-01-16 16:33:38,424 [Worker-3] INFO  o.e.m.c.i.e.AbstractTransferListenerAdapter - Downloading https://repo.spring.io/libs-release/org/apache/maven/plugins/maven-surefire-plugin/2.15/maven-surefire-plugin-2.15.jar
2015-01-16 16:33:38,727 [Worker-3] INFO  o.e.m.c.i.e.AbstractTransferListenerAdapter - Downloaded https://repo.spring.io/libs-release/org/apache/maven/plugins/maven-surefire-plugin/2.15/maven-surefire-plugin-2.15.jar
2015-01-16 16:33:39,371 [Worker-3] INFO  o.e.m.c.i.e.AbstractTransferListenerAdapter - Downloading https://repo.spring.io/libs-release/org/apache/maven/plugins/maven-install-plugin/2.5.1/maven-install-plugin-2.5.1.jar
2015-01-16 16:33:39,677 [Worker-3] INFO  o.e.m.c.i.e.AbstractTransferListenerAdapter - Downloaded https://repo.spring.io/libs-release/org/apache/maven/plugins/maven-install-plugin/2.5.1/maven-install-plugin-2.5.1.jar
2015-01-16 16:33:40,298 [Worker-3] INFO  o.e.m.c.i.e.AbstractTransferListenerAdapter - Downloading https://repo.spring.io/libs-release/org/apache/maven/plugins/maven-deploy-plugin/2.8.1/maven-deploy-plugin-2.8.1.jar
2015-01-16 16:33:40,597 [Worker-3] INFO  o.e.m.c.i.e.AbstractTransferListenerAdapter - Downloaded https://repo.spring.io/libs-release/org/apache/maven/plugins/maven-deploy-plugin/2.8.1/maven-deploy-plugin-2.8.1.jar
2015-01-16 16:33:41,599 [Worker-3] INFO  o.e.m.c.i.l.LifecycleMappingFactory - Using org.eclipse.m2e.jdt.JarLifecycleMapping lifecycle mapping for MavenProject: org.springframework:gs-handling-form-submission:0.1.0 @ /Users/hongbotian/git/365days/2015/0116/pom.xml.
2015-01-16 16:33:42,149 [Worker-3] INFO  o.e.m.c.i.e.AbstractTransferListenerAdapter - Downloading https://repo.spring.io/libs-release/org/springframework/boot/spring-boot-starter-thymeleaf/1.1.10.RELEASE/spring-boot-starter-thymeleaf-1.1.10.RELEASE.pom
2015-01-16 16:33:42,359 [Worker-3] INFO  o.e.m.c.i.e.AbstractTransferListenerAdapter - Downloaded https://repo.spring.io/libs-release/org/springframework/boot/spring-boot-starter-thymeleaf/1.1.10.RELEASE/spring-boot-starter-thymeleaf-1.1.10.RELEASE.pom
2015-01-16 16:33:42,869 [Worker-3] INFO  o.e.m.c.i.e.AbstractTransferListenerAdapter - Downloading https://repo.spring.io/libs-release/org/springframework/boot/spring-boot-starters/1.1.10.RELEASE/spring-boot-starters-1.1.10.RELEASE.pom
2015-01-16 16:33:43,078 [Worker-3] INFO  o.e.m.c.i.e.AbstractTransferListenerAdapter - Downloaded https://repo.spring.io/libs-release/org/springframework/boot/spring-boot-starters/1.1.10.RELEASE/spring-boot-starters-1.1.10.RELEASE.pom
2015-01-16 16:33:43,604 [Worker-3] INFO  o.e.m.c.i.e.AbstractTransferListenerAdapter - Downloading https://repo.spring.io/libs-release/org/springframework/boot/spring-boot-starter/1.1.10.RELEASE/spring-boot-starter-1.1.10.RELEASE.pom
2015-01-16 16:33:43,814 [Worker-3] INFO  o.e.m.c.i.e.AbstractTransferListenerAdapter - Downloaded https://repo.spring.io/libs-release/org/springframework/boot/spring-boot-starter/1.1.10.RELEASE/spring-boot-starter-1.1.10.RELEASE.pom
2015-01-16 16:33:44,343 [Worker-3] INFO  o.e.m.c.i.e.AbstractTransferListenerAdapter - Downloading https://repo.spring.io/libs-release/org/springframework/boot/spring-boot/1.1.10.RELEASE/spring-boot-1.1.10.RELEASE.pom
2015-01-16 16:33:44,556 [Worker-3] INFO  o.e.m.c.i.e.AbstractTransferListenerAdapter - Downloaded https://repo.spring.io/libs-release/org/springframework/boot/spring-boot/1.1.10.RELEASE/spring-boot-1.1.10.RELEASE.pom
2015-01-16 16:33:45,073 [Worker-3] INFO  o.e.m.c.i.e.AbstractTransferListenerAdapter - Downloading https://repo.spring.io/libs-release/org/springframework/spring-core/4.0.8.RELEASE/spring-core-4.0.8.RELEASE.pom
2015-01-16 16:33:45,283 [Worker-3] INFO  o.e.m.c.i.e.AbstractTransferListenerAdapter - Downloaded https://repo.spring.io/libs-release/org/springframework/spring-core/4.0.8.RELEASE/spring-core-4.0.8.RELEASE.pom
2015-01-16 16:33:45,807 [Worker-3] INFO  o.e.m.c.i.e.AbstractTransferListenerAdapter - Downloading https://repo.spring.io/libs-release/org/springframework/spring-context/4.0.8.RELEASE/spring-context-4.0.8.RELEASE.pom
2015-01-16 16:33:46,017 [Worker-3] INFO  o.e.m.c.i.e.AbstractTransferListenerAdapter - Downloaded https://repo.spring.io/libs-release/org/springframework/spring-context/4.0.8.RELEASE/spring-context-4.0.8.RELEASE.pom
2015-01-16 16:33:46,533 [Worker-3] INFO  o.e.m.c.i.e.AbstractTransferListenerAdapter - Downloading https://repo.spring.io/libs-release/org/springframework/spring-aop/4.0.8.RELEASE/spring-aop-4.0.8.RELEASE.pom
2015-01-16 16:33:46,743 [Worker-3] INFO  o.e.m.c.i.e.AbstractTransferListenerAdapter - Downloaded https://repo.spring.io/libs-release/org/springframework/spring-aop/4.0.8.RELEASE/spring-aop-4.0.8.RELEASE.pom
2015-01-16 16:33:47,258 [Worker-3] INFO  o.e.m.c.i.e.AbstractTransferListenerAdapter - Downloading https://repo.spring.io/libs-release/org/springframework/spring-beans/4.0.8.RELEASE/spring-beans-4.0.8.RELEASE.pom
2015-01-16 16:33:47,463 [Worker-3] INFO  o.e.m.c.i.e.AbstractTransferListenerAdapter - Downloaded https://repo.spring.io/libs-release/org/springframework/spring-beans/4.0.8.RELEASE/spring-beans-4.0.8.RELEASE.pom
2015-01-16 16:33:47,975 [Worker-3] INFO  o.e.m.c.i.e.AbstractTransferListenerAdapter - Downloading https://repo.spring.io/libs-release/org/springframework/spring-expression/4.0.8.RELEASE/spring-expression-4.0.8.RELEASE.pom
2015-01-16 16:33:48,181 [Worker-3] INFO  o.e.m.c.i.e.AbstractTransferListenerAdapter - Downloaded https://repo.spring.io/libs-release/org/springframework/spring-expression/4.0.8.RELEASE/spring-expression-4.0.8.RELEASE.pom
2015-01-16 16:33:48,716 [Worker-3] INFO  o.e.m.c.i.e.AbstractTransferListenerAdapter - Downloading https://repo.spring.io/libs-release/org/springframework/boot/spring-boot-autoconfigure/1.1.10.RELEASE/spring-boot-autoconfigure-1.1.10.RELEASE.pom
2015-01-16 16:33:48,969 [Worker-3] INFO  o.e.m.c.i.e.AbstractTransferListenerAdapter - Downloaded https://repo.spring.io/libs-release/org/springframework/boot/spring-boot-autoconfigure/1.1.10.RELEASE/spring-boot-autoconfigure-1.1.10.RELEASE.pom
2015-01-16 16:33:49,494 [Worker-3] INFO  o.e.m.c.i.e.AbstractTransferListenerAdapter - Downloading https://repo.spring.io/libs-release/org/springframework/boot/spring-boot-starter-logging/1.1.10.RELEASE/spring-boot-starter-logging-1.1.10.RELEASE.pom
2015-01-16 16:33:49,705 [Worker-3] INFO  o.e.m.c.i.e.AbstractTransferListenerAdapter - Downloaded https://repo.spring.io/libs-release/org/springframework/boot/spring-boot-starter-logging/1.1.10.RELEASE/spring-boot-starter-logging-1.1.10.RELEASE.pom
2015-01-16 16:33:50,228 [Worker-3] INFO  o.e.m.c.i.e.AbstractTransferListenerAdapter - Downloading https://repo.spring.io/libs-release/org/slf4j/jcl-over-slf4j/1.7.7/jcl-over-slf4j-1.7.7.pom
2015-01-16 16:33:50,445 [Worker-3] INFO  o.e.m.c.i.e.AbstractTransferListenerAdapter - Downloaded https://repo.spring.io/libs-release/org/slf4j/jcl-over-slf4j/1.7.7/jcl-over-slf4j-1.7.7.pom
2015-01-16 16:33:50,970 [Worker-3] INFO  o.e.m.c.i.e.AbstractTransferListenerAdapter - Downloading https://repo.spring.io/libs-release/org/slf4j/jul-to-slf4j/1.7.7/jul-to-slf4j-1.7.7.pom
2015-01-16 16:33:51,186 [Worker-3] INFO  o.e.m.c.i.e.AbstractTransferListenerAdapter - Downloaded https://repo.spring.io/libs-release/org/slf4j/jul-to-slf4j/1.7.7/jul-to-slf4j-1.7.7.pom
2015-01-16 16:33:51,696 [Worker-3] INFO  o.e.m.c.i.e.AbstractTransferListenerAdapter - Downloading https://repo.spring.io/libs-release/org/slf4j/log4j-over-slf4j/1.7.7/log4j-over-slf4j-1.7.7.pom
2015-01-16 16:33:51,907 [Worker-3] INFO  o.e.m.c.i.e.AbstractTransferListenerAdapter - Downloaded https://repo.spring.io/libs-release/org/slf4j/log4j-over-slf4j/1.7.7/log4j-over-slf4j-1.7.7.pom
2015-01-16 16:33:52,436 [Worker-3] INFO  o.e.m.c.i.e.AbstractTransferListenerAdapter - Downloading https://repo.spring.io/libs-release/ch/qos/logback/logback-classic/1.1.2/logback-classic-1.1.2.pom
2015-01-16 16:33:52,651 [Worker-3] INFO  o.e.m.c.i.e.AbstractTransferListenerAdapter - Downloaded https://repo.spring.io/libs-release/ch/qos/logback/logback-classic/1.1.2/logback-classic-1.1.2.pom
2015-01-16 16:33:53,249 [Worker-3] INFO  o.e.m.c.i.e.AbstractTransferListenerAdapter - Downloading https://repo.spring.io/libs-release/ch/qos/logback/logback-parent/1.1.2/logback-parent-1.1.2.pom
2015-01-16 16:33:53,465 [Worker-3] INFO  o.e.m.c.i.e.AbstractTransferListenerAdapter - Downloaded https://repo.spring.io/libs-release/ch/qos/logback/logback-parent/1.1.2/logback-parent-1.1.2.pom
2015-01-16 16:33:53,986 [Worker-3] INFO  o.e.m.c.i.e.AbstractTransferListenerAdapter - Downloading https://repo.spring.io/libs-release/ch/qos/logback/logback-core/1.1.2/logback-core-1.1.2.pom
2015-01-16 16:33:54,202 [Worker-3] INFO  o.e.m.c.i.e.AbstractTransferListenerAdapter - Downloaded https://repo.spring.io/libs-release/ch/qos/logback/logback-core/1.1.2/logback-core-1.1.2.pom
2015-01-16 16:33:54,807 [Worker-3] INFO  o.e.m.c.i.e.AbstractTransferListenerAdapter - Downloading https://repo.spring.io/libs-release/org/yaml/snakeyaml/1.13/snakeyaml-1.13.pom
2015-01-16 16:33:55,029 [Worker-3] INFO  o.e.m.c.i.e.AbstractTransferListenerAdapter - Downloaded https://repo.spring.io/libs-release/org/yaml/snakeyaml/1.13/snakeyaml-1.13.pom
2015-01-16 16:33:55,539 [Worker-3] INFO  o.e.m.c.i.e.AbstractTransferListenerAdapter - Downloading https://repo.spring.io/libs-release/org/springframework/boot/spring-boot-starter-web/1.1.10.RELEASE/spring-boot-starter-web-1.1.10.RELEASE.pom
2015-01-16 16:33:55,746 [Worker-3] INFO  o.e.m.c.i.e.AbstractTransferListenerAdapter - Downloaded https://repo.spring.io/libs-release/org/springframework/boot/spring-boot-starter-web/1.1.10.RELEASE/spring-boot-starter-web-1.1.10.RELEASE.pom
2015-01-16 16:33:56,267 [Worker-3] INFO  o.e.m.c.i.e.AbstractTransferListenerAdapter - Downloading https://repo.spring.io/libs-release/org/springframework/boot/spring-boot-starter-tomcat/1.1.10.RELEASE/spring-boot-starter-tomcat-1.1.10.RELEASE.pom
2015-01-16 16:33:56,478 [Worker-3] INFO  o.e.m.c.i.e.AbstractTransferListenerAdapter - Downloaded https://repo.spring.io/libs-release/org/springframework/boot/spring-boot-starter-tomcat/1.1.10.RELEASE/spring-boot-starter-tomcat-1.1.10.RELEASE.pom
2015-01-16 16:33:57,002 [Worker-3] INFO  o.e.m.c.i.e.AbstractTransferListenerAdapter - Downloading https://repo.spring.io/libs-release/org/apache/tomcat/embed/tomcat-embed-core/7.0.57/tomcat-embed-core-7.0.57.pom
2015-01-16 16:33:57,216 [Worker-3] INFO  o.e.m.c.i.e.AbstractTransferListenerAdapter - Downloaded https://repo.spring.io/libs-release/org/apache/tomcat/embed/tomcat-embed-core/7.0.57/tomcat-embed-core-7.0.57.pom
2015-01-16 16:33:57,736 [Worker-3] INFO  o.e.m.c.i.e.AbstractTransferListenerAdapter - Downloading https://repo.spring.io/libs-release/org/apache/tomcat/embed/tomcat-embed-el/7.0.57/tomcat-embed-el-7.0.57.pom
2015-01-16 16:33:57,950 [Worker-3] INFO  o.e.m.c.i.e.AbstractTransferListenerAdapter - Downloaded https://repo.spring.io/libs-release/org/apache/tomcat/embed/tomcat-embed-el/7.0.57/tomcat-embed-el-7.0.57.pom
2015-01-16 16:33:58,462 [Worker-3] INFO  o.e.m.c.i.e.AbstractTransferListenerAdapter - Downloading https://repo.spring.io/libs-release/org/apache/tomcat/embed/tomcat-embed-logging-juli/7.0.57/tomcat-embed-logging-juli-7.0.57.pom
2015-01-16 16:33:58,679 [Worker-3] INFO  o.e.m.c.i.e.AbstractTransferListenerAdapter - Downloaded https://repo.spring.io/libs-release/org/apache/tomcat/embed/tomcat-embed-logging-juli/7.0.57/tomcat-embed-logging-juli-7.0.57.pom
2015-01-16 16:33:59,199 [Worker-3] INFO  o.e.m.c.i.e.AbstractTransferListenerAdapter - Downloading https://repo.spring.io/libs-release/org/apache/tomcat/embed/tomcat-embed-websocket/7.0.57/tomcat-embed-websocket-7.0.57.pom
2015-01-16 16:33:59,411 [Worker-3] INFO  o.e.m.c.i.e.AbstractTransferListenerAdapter - Downloaded https://repo.spring.io/libs-release/org/apache/tomcat/embed/tomcat-embed-websocket/7.0.57/tomcat-embed-websocket-7.0.57.pom
2015-01-16 16:33:59,969 [Worker-3] INFO  o.e.m.c.i.e.AbstractTransferListenerAdapter - Downloading https://repo.spring.io/libs-release/com/fasterxml/jackson/core/jackson-databind/2.3.4/jackson-databind-2.3.4.pom
2015-01-16 16:34:00,186 [Worker-3] INFO  o.e.m.c.i.e.AbstractTransferListenerAdapter - Downloaded https://repo.spring.io/libs-release/com/fasterxml/jackson/core/jackson-databind/2.3.4/jackson-databind-2.3.4.pom
2015-01-16 16:34:00,712 [Worker-3] INFO  o.e.m.c.i.e.AbstractTransferListenerAdapter - Downloading https://repo.spring.io/libs-release/com/fasterxml/jackson/core/jackson-annotations/2.3.4/jackson-annotations-2.3.4.pom
2015-01-16 16:34:00,933 [Worker-3] INFO  o.e.m.c.i.e.AbstractTransferListenerAdapter - Downloaded https://repo.spring.io/libs-release/com/fasterxml/jackson/core/jackson-annotations/2.3.4/jackson-annotations-2.3.4.pom
2015-01-16 16:34:01,459 [Worker-3] INFO  o.e.m.c.i.e.AbstractTransferListenerAdapter - Downloading https://repo.spring.io/libs-release/com/fasterxml/jackson/core/jackson-core/2.3.4/jackson-core-2.3.4.pom
2015-01-16 16:34:01,676 [Worker-3] INFO  o.e.m.c.i.e.AbstractTransferListenerAdapter - Downloaded https://repo.spring.io/libs-release/com/fasterxml/jackson/core/jackson-core/2.3.4/jackson-core-2.3.4.pom
2015-01-16 16:34:02,196 [Worker-3] INFO  o.e.m.c.i.e.AbstractTransferListenerAdapter - Downloading https://repo.spring.io/libs-release/org/hibernate/hibernate-validator/5.0.3.Final/hibernate-validator-5.0.3.Final.pom
2015-01-16 16:34:02,487 [Worker-3] INFO  o.e.m.c.i.e.AbstractTransferListenerAdapter - Downloaded https://repo.spring.io/libs-release/org/hibernate/hibernate-validator/5.0.3.Final/hibernate-validator-5.0.3.Final.pom
2015-01-16 16:34:03,091 [Worker-3] INFO  o.e.m.c.i.e.AbstractTransferListenerAdapter - Downloading https://repo.spring.io/libs-release/org/hibernate/hibernate-validator-parent/5.0.3.Final/hibernate-validator-parent-5.0.3.Final.pom
2015-01-16 16:34:03,311 [Worker-3] INFO  o.e.m.c.i.e.AbstractTransferListenerAdapter - Downloaded https://repo.spring.io/libs-release/org/hibernate/hibernate-validator-parent/5.0.3.Final/hibernate-validator-parent-5.0.3.Final.pom
2015-01-16 16:34:03,831 [Worker-3] INFO  o.e.m.c.i.e.AbstractTransferListenerAdapter - Downloading https://repo.spring.io/libs-release/org/jboss/arquillian/arquillian-bom/1.0.2.Final/arquillian-bom-1.0.2.Final.pom
2015-01-16 16:34:04,224 [Worker-3] INFO  o.e.m.c.i.e.AbstractTransferListenerAdapter - Downloaded https://repo.spring.io/libs-release/org/jboss/arquillian/arquillian-bom/1.0.2.Final/arquillian-bom-1.0.2.Final.pom
2015-01-16 16:34:04,735 [Worker-3] INFO  o.e.m.c.i.e.AbstractTransferListenerAdapter - Downloading https://repo.spring.io/libs-release/org/jboss/shrinkwrap/shrinkwrap-bom/1.0.1/shrinkwrap-bom-1.0.1.pom
2015-01-16 16:34:04,951 [Worker-3] INFO  o.e.m.c.i.e.AbstractTransferListenerAdapter - Downloaded https://repo.spring.io/libs-release/org/jboss/shrinkwrap/shrinkwrap-bom/1.0.1/shrinkwrap-bom-1.0.1.pom
2015-01-16 16:34:05,462 [Worker-3] INFO  o.e.m.c.i.e.AbstractTransferListenerAdapter - Downloading https://repo.spring.io/libs-release/org/jboss/shrinkwrap/resolver/shrinkwrap-resolver-bom/1.0.0-beta-7/shrinkwrap-resolver-bom-1.0.0-beta-7.pom
2015-01-16 16:34:05,678 [Worker-3] INFO  o.e.m.c.i.e.AbstractTransferListenerAdapter - Downloaded https://repo.spring.io/libs-release/org/jboss/shrinkwrap/resolver/shrinkwrap-resolver-bom/1.0.0-beta-7/shrinkwrap-resolver-bom-1.0.0-beta-7.pom
2015-01-16 16:34:06,194 [Worker-3] INFO  o.e.m.c.i.e.AbstractTransferListenerAdapter - Downloading https://repo.spring.io/libs-release/org/jboss/shrinkwrap/descriptors/shrinkwrap-descriptors-bom/2.0.0-alpha-3/shrinkwrap-descriptors-bom-2.0.0-alpha-3.pom
2015-01-16 16:34:06,412 [Worker-3] INFO  o.e.m.c.i.e.AbstractTransferListenerAdapter - Downloaded https://repo.spring.io/libs-release/org/jboss/shrinkwrap/descriptors/shrinkwrap-descriptors-bom/2.0.0-alpha-3/shrinkwrap-descriptors-bom-2.0.0-alpha-3.pom
2015-01-16 16:34:06,934 [Worker-3] INFO  o.e.m.c.i.e.AbstractTransferListenerAdapter - Downloading https://repo.spring.io/libs-release/javax/validation/validation-api/1.1.0.Final/validation-api-1.1.0.Final.pom
2015-01-16 16:34:07,156 [Worker-3] INFO  o.e.m.c.i.e.AbstractTransferListenerAdapter - Downloaded https://repo.spring.io/libs-release/javax/validation/validation-api/1.1.0.Final/validation-api-1.1.0.Final.pom
2015-01-16 16:34:07,670 [Worker-3] INFO  o.e.m.c.i.e.AbstractTransferListenerAdapter - Downloading https://repo.spring.io/libs-release/org/jboss/logging/jboss-logging/3.1.1.GA/jboss-logging-3.1.1.GA.pom
2015-01-16 16:34:07,879 [Worker-3] INFO  o.e.m.c.i.e.AbstractTransferListenerAdapter - Downloaded https://repo.spring.io/libs-release/org/jboss/logging/jboss-logging/3.1.1.GA/jboss-logging-3.1.1.GA.pom
2015-01-16 16:34:08,393 [Worker-3] INFO  o.e.m.c.i.e.AbstractTransferListenerAdapter - Downloading https://repo.spring.io/libs-release/org/jboss/jboss-parent/7/jboss-parent-7.pom
2015-01-16 16:34:08,686 [Worker-3] INFO  o.e.m.c.i.e.AbstractTransferListenerAdapter - Downloaded https://repo.spring.io/libs-release/org/jboss/jboss-parent/7/jboss-parent-7.pom
2015-01-16 16:34:09,209 [Worker-3] INFO  o.e.m.c.i.e.AbstractTransferListenerAdapter - Downloading https://repo.spring.io/libs-release/com/fasterxml/classmate/1.0.0/classmate-1.0.0.pom
2015-01-16 16:34:09,424 [Worker-3] INFO  o.e.m.c.i.e.AbstractTransferListenerAdapter - Downloaded https://repo.spring.io/libs-release/com/fasterxml/classmate/1.0.0/classmate-1.0.0.pom
2015-01-16 16:34:09,942 [Worker-3] INFO  o.e.m.c.i.e.AbstractTransferListenerAdapter - Downloading https://repo.spring.io/libs-release/org/springframework/spring-web/4.0.8.RELEASE/spring-web-4.0.8.RELEASE.pom
2015-01-16 16:34:10,196 [Worker-3] INFO  o.e.m.c.i.e.AbstractTransferListenerAdapter - Downloaded https://repo.spring.io/libs-release/org/springframework/spring-web/4.0.8.RELEASE/spring-web-4.0.8.RELEASE.pom
2015-01-16 16:34:10,706 [Worker-3] INFO  o.e.m.c.i.e.AbstractTransferListenerAdapter - Downloading https://repo.spring.io/libs-release/org/springframework/spring-webmvc/4.0.8.RELEASE/spring-webmvc-4.0.8.RELEASE.pom
2015-01-16 16:34:10,913 [Worker-3] INFO  o.e.m.c.i.e.AbstractTransferListenerAdapter - Downloaded https://repo.spring.io/libs-release/org/springframework/spring-webmvc/4.0.8.RELEASE/spring-webmvc-4.0.8.RELEASE.pom
2015-01-16 16:34:11,430 [Worker-3] INFO  o.e.m.c.i.e.AbstractTransferListenerAdapter - Downloading https://repo.spring.io/libs-release/org/thymeleaf/thymeleaf-spring4/2.1.3.RELEASE/thymeleaf-spring4-2.1.3.RELEASE.pom
2015-01-16 16:34:11,642 [Worker-3] INFO  o.e.m.c.i.e.AbstractTransferListenerAdapter - Downloaded https://repo.spring.io/libs-release/org/thymeleaf/thymeleaf-spring4/2.1.3.RELEASE/thymeleaf-spring4-2.1.3.RELEASE.pom
2015-01-16 16:34:12,171 [Worker-3] INFO  o.e.m.c.i.e.AbstractTransferListenerAdapter - Downloading https://repo.spring.io/libs-release/org/thymeleaf/thymeleaf/2.1.3.RELEASE/thymeleaf-2.1.3.RELEASE.pom
2015-01-16 16:34:12,387 [Worker-3] INFO  o.e.m.c.i.e.AbstractTransferListenerAdapter - Downloaded https://repo.spring.io/libs-release/org/thymeleaf/thymeleaf/2.1.3.RELEASE/thymeleaf-2.1.3.RELEASE.pom
2015-01-16 16:34:12,916 [Worker-3] INFO  o.e.m.c.i.e.AbstractTransferListenerAdapter - Downloading https://repo.spring.io/libs-release/ognl/ognl/3.0.6/ognl-3.0.6.pom
2015-01-16 16:34:13,126 [Worker-3] INFO  o.e.m.c.i.e.AbstractTransferListenerAdapter - Downloaded https://repo.spring.io/libs-release/ognl/ognl/3.0.6/ognl-3.0.6.pom
2015-01-16 16:34:13,648 [Worker-3] INFO  o.e.m.c.i.e.AbstractTransferListenerAdapter - Downloading https://repo.spring.io/libs-release/org/unbescape/unbescape/1.0/unbescape-1.0.pom
2015-01-16 16:34:13,865 [Worker-3] INFO  o.e.m.c.i.e.AbstractTransferListenerAdapter - Downloaded https://repo.spring.io/libs-release/org/unbescape/unbescape/1.0/unbescape-1.0.pom
2015-01-16 16:34:14,376 [Worker-3] INFO  o.e.m.c.i.e.AbstractTransferListenerAdapter - Downloading https://repo.spring.io/libs-release/nz/net/ultraq/thymeleaf/thymeleaf-layout-dialect/1.2.7/thymeleaf-layout-dialect-1.2.7.pom
2015-01-16 16:34:14,595 [Worker-3] INFO  o.e.m.c.i.e.AbstractTransferListenerAdapter - Downloaded https://repo.spring.io/libs-release/nz/net/ultraq/thymeleaf/thymeleaf-layout-dialect/1.2.7/thymeleaf-layout-dialect-1.2.7.pom
2015-01-16 16:34:15,131 [Worker-3] INFO  o.e.m.c.i.e.AbstractTransferListenerAdapter - Downloading https://repo.spring.io/libs-release/org/springframework/boot/spring-boot-starter-thymeleaf/1.1.10.RELEASE/spring-boot-starter-thymeleaf-1.1.10.RELEASE.jar
2015-01-16 16:34:15,337 [Worker-3] INFO  o.e.m.c.i.e.AbstractTransferListenerAdapter - Downloaded https://repo.spring.io/libs-release/org/springframework/boot/spring-boot-starter-thymeleaf/1.1.10.RELEASE/spring-boot-starter-thymeleaf-1.1.10.RELEASE.jar
2015-01-16 16:34:15,437 [Worker-3] INFO  o.e.m.c.i.e.AbstractTransferListenerAdapter - Downloading https://repo.spring.io/libs-release/org/springframework/boot/spring-boot-starter/1.1.10.RELEASE/spring-boot-starter-1.1.10.RELEASE.jar
2015-01-16 16:34:15,639 [Worker-3] INFO  o.e.m.c.i.e.AbstractTransferListenerAdapter - Downloaded https://repo.spring.io/libs-release/org/springframework/boot/spring-boot-starter/1.1.10.RELEASE/spring-boot-starter-1.1.10.RELEASE.jar
2015-01-16 16:34:15,747 [Worker-3] INFO  o.e.m.c.i.e.AbstractTransferListenerAdapter - Downloading https://repo.spring.io/libs-release/org/springframework/boot/spring-boot/1.1.10.RELEASE/spring-boot-1.1.10.RELEASE.jar
2015-01-16 16:34:16,785 [Worker-3] INFO  o.e.m.c.i.e.AbstractTransferListenerAdapter - Downloaded https://repo.spring.io/libs-release/org/springframework/boot/spring-boot/1.1.10.RELEASE/spring-boot-1.1.10.RELEASE.jar
2015-01-16 16:34:16,897 [Worker-3] INFO  o.e.m.c.i.e.AbstractTransferListenerAdapter - Downloading https://repo.spring.io/libs-release/org/springframework/spring-context/4.0.8.RELEASE/spring-context-4.0.8.RELEASE.jar
2015-01-16 16:34:18,972 [Worker-3] INFO  o.e.m.c.i.e.AbstractTransferListenerAdapter - Downloaded https://repo.spring.io/libs-release/org/springframework/spring-context/4.0.8.RELEASE/spring-context-4.0.8.RELEASE.jar
2015-01-16 16:34:19,085 [Worker-3] INFO  o.e.m.c.i.e.AbstractTransferListenerAdapter - Downloading https://repo.spring.io/libs-release/org/springframework/boot/spring-boot-autoconfigure/1.1.10.RELEASE/spring-boot-autoconfigure-1.1.10.RELEASE.jar
2015-01-16 16:34:19,857 [Worker-3] INFO  o.e.m.c.i.e.AbstractTransferListenerAdapter - Downloaded https://repo.spring.io/libs-release/org/springframework/boot/spring-boot-autoconfigure/1.1.10.RELEASE/spring-boot-autoconfigure-1.1.10.RELEASE.jar
2015-01-16 16:34:19,961 [Worker-3] INFO  o.e.m.c.i.e.AbstractTransferListenerAdapter - Downloading https://repo.spring.io/libs-release/org/springframework/boot/spring-boot-starter-logging/1.1.10.RELEASE/spring-boot-starter-logging-1.1.10.RELEASE.jar
2015-01-16 16:34:20,164 [Worker-3] INFO  o.e.m.c.i.e.AbstractTransferListenerAdapter - Downloaded https://repo.spring.io/libs-release/org/springframework/boot/spring-boot-starter-logging/1.1.10.RELEASE/spring-boot-starter-logging-1.1.10.RELEASE.jar
2015-01-16 16:34:20,370 [Worker-3] INFO  o.e.m.c.i.e.AbstractTransferListenerAdapter - Downloading https://repo.spring.io/libs-release/org/slf4j/jcl-over-slf4j/1.7.7/jcl-over-slf4j-1.7.7.jar
2015-01-16 16:34:20,614 [Worker-3] INFO  o.e.m.c.i.e.AbstractTransferListenerAdapter - Downloaded https://repo.spring.io/libs-release/org/slf4j/jcl-over-slf4j/1.7.7/jcl-over-slf4j-1.7.7.jar
2015-01-16 16:34:20,724 [Worker-3] INFO  o.e.m.c.i.e.AbstractTransferListenerAdapter - Downloading https://repo.spring.io/libs-release/org/slf4j/jul-to-slf4j/1.7.7/jul-to-slf4j-1.7.7.jar
2015-01-16 16:34:20,934 [Worker-3] INFO  o.e.m.c.i.e.AbstractTransferListenerAdapter - Downloaded https://repo.spring.io/libs-release/org/slf4j/jul-to-slf4j/1.7.7/jul-to-slf4j-1.7.7.jar
2015-01-16 16:34:21,046 [Worker-3] INFO  o.e.m.c.i.e.AbstractTransferListenerAdapter - Downloading https://repo.spring.io/libs-release/org/slf4j/log4j-over-slf4j/1.7.7/log4j-over-slf4j-1.7.7.jar
2015-01-16 16:34:21,339 [Worker-3] INFO  o.e.m.c.i.e.AbstractTransferListenerAdapter - Downloaded https://repo.spring.io/libs-release/org/slf4j/log4j-over-slf4j/1.7.7/log4j-over-slf4j-1.7.7.jar
2015-01-16 16:34:21,808 [Worker-3] INFO  o.e.m.c.i.e.AbstractTransferListenerAdapter - Downloading https://repo.spring.io/libs-release/ch/qos/logback/logback-classic/1.1.2/logback-classic-1.1.2.jar
2015-01-16 16:34:22,484 [Worker-3] INFO  o.e.m.c.i.e.AbstractTransferListenerAdapter - Downloaded https://repo.spring.io/libs-release/ch/qos/logback/logback-classic/1.1.2/logback-classic-1.1.2.jar
2015-01-16 16:34:22,710 [Worker-3] INFO  o.e.m.c.i.e.AbstractTransferListenerAdapter - Downloading https://repo.spring.io/libs-release/ch/qos/logback/logback-core/1.1.2/logback-core-1.1.2.jar
2015-01-16 16:34:23,643 [Worker-3] INFO  o.e.m.c.i.e.AbstractTransferListenerAdapter - Downloaded https://repo.spring.io/libs-release/ch/qos/logback/logback-core/1.1.2/logback-core-1.1.2.jar
2015-01-16 16:34:23,848 [Worker-3] INFO  o.e.m.c.i.e.AbstractTransferListenerAdapter - Downloading https://repo.spring.io/libs-release/org/yaml/snakeyaml/1.13/snakeyaml-1.13.jar
2015-01-16 16:34:24,473 [Worker-3] INFO  o.e.m.c.i.e.AbstractTransferListenerAdapter - Downloaded https://repo.spring.io/libs-release/org/yaml/snakeyaml/1.13/snakeyaml-1.13.jar
2015-01-16 16:34:24,574 [Worker-3] INFO  o.e.m.c.i.e.AbstractTransferListenerAdapter - Downloading https://repo.spring.io/libs-release/org/springframework/boot/spring-boot-starter-web/1.1.10.RELEASE/spring-boot-starter-web-1.1.10.RELEASE.jar
2015-01-16 16:34:24,788 [Worker-3] INFO  o.e.m.c.i.e.AbstractTransferListenerAdapter - Downloaded https://repo.spring.io/libs-release/org/springframework/boot/spring-boot-starter-web/1.1.10.RELEASE/spring-boot-starter-web-1.1.10.RELEASE.jar
2015-01-16 16:34:24,893 [Worker-3] INFO  o.e.m.c.i.e.AbstractTransferListenerAdapter - Downloading https://repo.spring.io/libs-release/org/springframework/boot/spring-boot-starter-tomcat/1.1.10.RELEASE/spring-boot-starter-tomcat-1.1.10.RELEASE.jar
2015-01-16 16:34:25,099 [Worker-3] INFO  o.e.m.c.i.e.AbstractTransferListenerAdapter - Downloaded https://repo.spring.io/libs-release/org/springframework/boot/spring-boot-starter-tomcat/1.1.10.RELEASE/spring-boot-starter-tomcat-1.1.10.RELEASE.jar
2015-01-16 16:34:25,305 [Worker-3] INFO  o.e.m.c.i.e.AbstractTransferListenerAdapter - Downloading https://repo.spring.io/libs-release/org/apache/tomcat/embed/tomcat-embed-core/7.0.57/tomcat-embed-core-7.0.57.jar
2015-01-16 16:34:29,524 [Worker-3] INFO  o.e.m.c.i.e.AbstractTransferListenerAdapter - Downloaded https://repo.spring.io/libs-release/org/apache/tomcat/embed/tomcat-embed-core/7.0.57/tomcat-embed-core-7.0.57.jar
2015-01-16 16:34:29,719 [Worker-3] INFO  o.e.m.c.i.e.AbstractTransferListenerAdapter - Downloading https://repo.spring.io/libs-release/org/apache/tomcat/embed/tomcat-embed-el/7.0.57/tomcat-embed-el-7.0.57.jar
2015-01-16 16:34:30,287 [Worker-3] INFO  o.e.m.c.i.e.AbstractTransferListenerAdapter - Downloaded https://repo.spring.io/libs-release/org/apache/tomcat/embed/tomcat-embed-el/7.0.57/tomcat-embed-el-7.0.57.jar
2015-01-16 16:34:30,404 [Worker-3] INFO  o.e.m.c.i.e.AbstractTransferListenerAdapter - Downloading https://repo.spring.io/libs-release/org/apache/tomcat/embed/tomcat-embed-logging-juli/7.0.57/tomcat-embed-logging-juli-7.0.57.jar
2015-01-16 16:34:30,787 [Worker-3] INFO  o.e.m.c.i.e.AbstractTransferListenerAdapter - Downloaded https://repo.spring.io/libs-release/org/apache/tomcat/embed/tomcat-embed-logging-juli/7.0.57/tomcat-embed-logging-juli-7.0.57.jar
2015-01-16 16:34:30,989 [Worker-3] INFO  o.e.m.c.i.e.AbstractTransferListenerAdapter - Downloading https://repo.spring.io/libs-release/org/apache/tomcat/embed/tomcat-embed-websocket/7.0.57/tomcat-embed-websocket-7.0.57.jar
2015-01-16 16:34:31,561 [Worker-3] INFO  o.e.m.c.i.e.AbstractTransferListenerAdapter - Downloaded https://repo.spring.io/libs-release/org/apache/tomcat/embed/tomcat-embed-websocket/7.0.57/tomcat-embed-websocket-7.0.57.jar
2015-01-16 16:34:31,825 [Worker-3] INFO  o.e.m.c.i.e.AbstractTransferListenerAdapter - Downloading https://repo.spring.io/libs-release/com/fasterxml/jackson/core/jackson-databind/2.3.4/jackson-databind-2.3.4.jar
2015-01-16 16:34:33,579 [Worker-3] INFO  o.e.m.c.i.e.AbstractTransferListenerAdapter - Downloaded https://repo.spring.io/libs-release/com/fasterxml/jackson/core/jackson-databind/2.3.4/jackson-databind-2.3.4.jar
2015-01-16 16:34:33,698 [Worker-3] INFO  o.e.m.c.i.e.AbstractTransferListenerAdapter - Downloading https://repo.spring.io/libs-release/com/fasterxml/jackson/core/jackson-annotations/2.3.4/jackson-annotations-2.3.4.jar
2015-01-16 16:34:34,082 [Worker-3] INFO  o.e.m.c.i.e.AbstractTransferListenerAdapter - Downloaded https://repo.spring.io/libs-release/com/fasterxml/jackson/core/jackson-annotations/2.3.4/jackson-annotations-2.3.4.jar
2015-01-16 16:34:34,272 [Worker-3] INFO  o.e.m.c.i.e.AbstractTransferListenerAdapter - Downloading https://repo.spring.io/libs-release/com/fasterxml/jackson/core/jackson-core/2.3.4/jackson-core-2.3.4.jar
2015-01-16 16:34:34,962 [Worker-3] INFO  o.e.m.c.i.e.AbstractTransferListenerAdapter - Downloaded https://repo.spring.io/libs-release/com/fasterxml/jackson/core/jackson-core/2.3.4/jackson-core-2.3.4.jar
2015-01-16 16:34:35,160 [Worker-3] INFO  o.e.m.c.i.e.AbstractTransferListenerAdapter - Downloading https://repo.spring.io/libs-release/org/hibernate/hibernate-validator/5.0.3.Final/hibernate-validator-5.0.3.Final.jar
2015-01-16 16:34:36,181 [Worker-3] INFO  o.e.m.c.i.e.AbstractTransferListenerAdapter - Downloaded https://repo.spring.io/libs-release/org/hibernate/hibernate-validator/5.0.3.Final/hibernate-validator-5.0.3.Final.jar
2015-01-16 16:34:36,295 [Worker-3] INFO  o.e.m.c.i.e.AbstractTransferListenerAdapter - Downloading https://repo.spring.io/libs-release/javax/validation/validation-api/1.1.0.Final/validation-api-1.1.0.Final.jar
2015-01-16 16:34:36,773 [Worker-3] INFO  o.e.m.c.i.e.AbstractTransferListenerAdapter - Downloaded https://repo.spring.io/libs-release/javax/validation/validation-api/1.1.0.Final/validation-api-1.1.0.Final.jar
2015-01-16 16:34:36,883 [Worker-3] INFO  o.e.m.c.i.e.AbstractTransferListenerAdapter - Downloading https://repo.spring.io/libs-release/org/jboss/logging/jboss-logging/3.1.1.GA/jboss-logging-3.1.1.GA.jar
2015-01-16 16:34:37,281 [Worker-3] INFO  o.e.m.c.i.e.AbstractTransferListenerAdapter - Downloaded https://repo.spring.io/libs-release/org/jboss/logging/jboss-logging/3.1.1.GA/jboss-logging-3.1.1.GA.jar
2015-01-16 16:34:37,395 [Worker-3] INFO  o.e.m.c.i.e.AbstractTransferListenerAdapter - Downloading https://repo.spring.io/libs-release/com/fasterxml/classmate/1.0.0/classmate-1.0.0.jar
2015-01-16 16:34:37,708 [Worker-3] INFO  o.e.m.c.i.e.AbstractTransferListenerAdapter - Downloaded https://repo.spring.io/libs-release/com/fasterxml/classmate/1.0.0/classmate-1.0.0.jar
2015-01-16 16:34:37,816 [Worker-3] INFO  o.e.m.c.i.e.AbstractTransferListenerAdapter - Downloading https://repo.spring.io/libs-release/org/springframework/spring-web/4.0.8.RELEASE/spring-web-4.0.8.RELEASE.jar
2015-01-16 16:34:40,033 [Worker-3] INFO  o.e.m.c.i.e.AbstractTransferListenerAdapter - Downloaded https://repo.spring.io/libs-release/org/springframework/spring-web/4.0.8.RELEASE/spring-web-4.0.8.RELEASE.jar
2015-01-16 16:34:40,147 [Worker-3] INFO  o.e.m.c.i.e.AbstractTransferListenerAdapter - Downloading https://repo.spring.io/libs-release/org/springframework/spring-aop/4.0.8.RELEASE/spring-aop-4.0.8.RELEASE.jar
2015-01-16 16:34:41,530 [Worker-3] INFO  o.e.m.c.i.e.AbstractTransferListenerAdapter - Downloaded https://repo.spring.io/libs-release/org/springframework/spring-aop/4.0.8.RELEASE/spring-aop-4.0.8.RELEASE.jar
2015-01-16 16:34:41,642 [Worker-3] INFO  o.e.m.c.i.e.AbstractTransferListenerAdapter - Downloading https://repo.spring.io/libs-release/org/springframework/spring-beans/4.0.8.RELEASE/spring-beans-4.0.8.RELEASE.jar
2015-01-16 16:34:43,508 [Worker-3] INFO  o.e.m.c.i.e.AbstractTransferListenerAdapter - Downloaded https://repo.spring.io/libs-release/org/springframework/spring-beans/4.0.8.RELEASE/spring-beans-4.0.8.RELEASE.jar
2015-01-16 16:34:43,618 [Worker-3] INFO  o.e.m.c.i.e.AbstractTransferListenerAdapter - Downloading https://repo.spring.io/libs-release/org/springframework/spring-webmvc/4.0.8.RELEASE/spring-webmvc-4.0.8.RELEASE.jar
2015-01-16 16:34:45,895 [Worker-3] INFO  o.e.m.c.i.e.AbstractTransferListenerAdapter - Downloaded https://repo.spring.io/libs-release/org/springframework/spring-webmvc/4.0.8.RELEASE/spring-webmvc-4.0.8.RELEASE.jar
2015-01-16 16:34:46,004 [Worker-3] INFO  o.e.m.c.i.e.AbstractTransferListenerAdapter - Downloading https://repo.spring.io/libs-release/org/springframework/spring-expression/4.0.8.RELEASE/spring-expression-4.0.8.RELEASE.jar
2015-01-16 16:34:47,193 [Worker-3] INFO  o.e.m.c.i.e.AbstractTransferListenerAdapter - Downloaded https://repo.spring.io/libs-release/org/springframework/spring-expression/4.0.8.RELEASE/spring-expression-4.0.8.RELEASE.jar
2015-01-16 16:34:47,305 [Worker-3] INFO  o.e.m.c.i.e.AbstractTransferListenerAdapter - Downloading https://repo.spring.io/libs-release/org/springframework/spring-core/4.0.8.RELEASE/spring-core-4.0.8.RELEASE.jar
2015-01-16 16:34:50,133 [Worker-3] INFO  o.e.m.c.i.e.AbstractTransferListenerAdapter - Downloaded https://repo.spring.io/libs-release/org/springframework/spring-core/4.0.8.RELEASE/spring-core-4.0.8.RELEASE.jar
2015-01-16 16:34:50,361 [Worker-3] INFO  o.e.m.c.i.e.AbstractTransferListenerAdapter - Downloading https://repo.spring.io/libs-release/org/thymeleaf/thymeleaf-spring4/2.1.3.RELEASE/thymeleaf-spring4-2.1.3.RELEASE.jar
2015-01-16 16:34:50,930 [Worker-3] INFO  o.e.m.c.i.e.AbstractTransferListenerAdapter - Downloaded https://repo.spring.io/libs-release/org/thymeleaf/thymeleaf-spring4/2.1.3.RELEASE/thymeleaf-spring4-2.1.3.RELEASE.jar
2015-01-16 16:34:51,152 [Worker-3] INFO  o.e.m.c.i.e.AbstractTransferListenerAdapter - Downloading https://repo.spring.io/libs-release/org/thymeleaf/thymeleaf/2.1.3.RELEASE/thymeleaf-2.1.3.RELEASE.jar
2015-01-16 16:34:52,493 [Worker-3] INFO  o.e.m.c.i.e.AbstractTransferListenerAdapter - Downloaded https://repo.spring.io/libs-release/org/thymeleaf/thymeleaf/2.1.3.RELEASE/thymeleaf-2.1.3.RELEASE.jar
2015-01-16 16:34:52,738 [Worker-3] INFO  o.e.m.c.i.e.AbstractTransferListenerAdapter - Downloading https://repo.spring.io/libs-release/ognl/ognl/3.0.6/ognl-3.0.6.jar
2015-01-16 16:34:53,293 [Worker-3] INFO  o.e.m.c.i.e.AbstractTransferListenerAdapter - Downloaded https://repo.spring.io/libs-release/ognl/ognl/3.0.6/ognl-3.0.6.jar
2015-01-16 16:34:53,520 [Worker-3] INFO  o.e.m.c.i.e.AbstractTransferListenerAdapter - Downloading https://repo.spring.io/libs-release/org/unbescape/unbescape/1.0/unbescape-1.0.jar
2015-01-16 16:34:54,033 [Worker-3] INFO  o.e.m.c.i.e.AbstractTransferListenerAdapter - Downloaded https://repo.spring.io/libs-release/org/unbescape/unbescape/1.0/unbescape-1.0.jar
2015-01-16 16:34:54,146 [Worker-3] INFO  o.e.m.c.i.e.AbstractTransferListenerAdapter - Downloading https://repo.spring.io/libs-release/nz/net/ultraq/thymeleaf/thymeleaf-layout-dialect/1.2.7/thymeleaf-layout-dialect-1.2.7.jar
2015-01-16 16:34:54,449 [Worker-3] INFO  o.e.m.c.i.e.AbstractTransferListenerAdapter - Downloaded https://repo.spring.io/libs-release/nz/net/ultraq/thymeleaf/thymeleaf-layout-dialect/1.2.7/thymeleaf-layout-dialect-1.2.7.jar
2015-01-16 16:34:54,494 [Worker-3] WARN  o.e.m.c.i.embedder.EclipseLogger - Failed to dispatch repository event to org.eclipse.m2e.core.internal.embedder.EclipseRepositoryListener: null
2015-01-16 16:34:56,005 [Worker-3] INFO  o.e.m.j.i.AbstractJavaProjectConfigurator - Adding source folder /gs-handling-form-submission/src/main/java
2015-01-16 16:34:56,006 [Worker-3] INFO  o.e.m.j.i.AbstractJavaProjectConfigurator - Adding resource folder /gs-handling-form-submission/src/main/resources
2015-01-16 16:34:56,009 [Worker-3] INFO  o.e.m.j.i.AbstractJavaProjectConfigurator - Adding resource folder /gs-handling-form-submission/src/main/resources
2015-01-16 16:34:56,010 [Worker-3] INFO  o.e.m.j.i.AbstractJavaProjectConfigurator - Adding source folder /gs-handling-form-submission/src/test/java
2015-01-16 16:34:56,333 [Worker-2] INFO  o.e.m.c.i.l.LifecycleMappingFactory - Using org.eclipse.m2e.jdt.JarLifecycleMapping lifecycle mapping for MavenProject: org.springframework:gs-handling-form-submission:0.1.0 @ /Users/hongbotian/git/365days/2015/0116/pom.xml.
2015-01-16 16:34:58,062 [Worker-3] INFO  o.e.m.c.i.p.ProjectConfigurationManager - Imported and configured 1 project(s) in 89 sec
2015-01-16 16:34:59,030 [Worker-2] INFO  o.e.m.c.i.l.LifecycleMappingFactory - Using org.eclipse.m2e.jdt.JarLifecycleMapping lifecycle mapping for MavenProject: org.springframework:gs-handling-form-submission:0.1.0 @ /Users/hongbotian/git/365days/2015/0116/pom.xml.
2015-01-16 16:35:00,249 [Worker-2] INFO  o.e.m.c.i.embedder.EclipseLogger - Using 'UTF-8' encoding to copy filtered resources.
2015-01-16 16:35:00,261 [Worker-2] INFO  o.e.m.c.i.embedder.EclipseLogger - Copying 0 resource
2015-01-16 16:35:00,262 [Worker-2] INFO  o.e.m.c.i.embedder.EclipseLogger - Copying 2 resources
2015-01-16 16:35:00,276 [Worker-2] INFO  o.e.m.c.i.embedder.EclipseLogger - Using 'UTF-8' encoding to copy filtered resources.
2015-01-16 16:35:00,277 [Worker-2] INFO  o.e.m.c.i.embedder.EclipseLogger - skip non existing resourceDirectory /Users/hongbotian/git/365days/2015/0116/src/test/resources
2015-01-16 16:40:12,783 [Worker-7] INFO  o.e.m.c.i.embedder.EclipseLogger - Using 'UTF-8' encoding to copy filtered resources.
2015-01-16 16:40:12,788 [Worker-7] INFO  o.e.m.c.i.embedder.EclipseLogger - Copying 0 resource
2015-01-16 16:40:12,789 [Worker-7] INFO  o.e.m.c.i.embedder.EclipseLogger - Copying 2 resources
2015-01-16 16:40:12,793 [Worker-7] INFO  o.e.m.c.i.embedder.EclipseLogger - Using 'UTF-8' encoding to copy filtered resources.
2015-01-16 16:40:12,794 [Worker-7] INFO  o.e.m.c.i.embedder.EclipseLogger - skip non existing resourceDirectory /Users/hongbotian/git/365days/2015/0116/src/test/resources
2015-01-16 16:40:35,488 [Worker-8] INFO  o.e.m.c.i.embedder.EclipseLogger - Using 'UTF-8' encoding to copy filtered resources.
2015-01-16 16:40:35,489 [Worker-8] INFO  o.e.m.c.i.embedder.EclipseLogger - Copying 0 resource
2015-01-16 16:40:35,490 [Worker-8] INFO  o.e.m.c.i.embedder.EclipseLogger - Copying 2 resources
2015-01-16 16:40:35,491 [Worker-8] INFO  o.e.m.c.i.embedder.EclipseLogger - Using 'UTF-8' encoding to copy filtered resources.
2015-01-16 16:40:35,492 [Worker-8] INFO  o.e.m.c.i.embedder.EclipseLogger - skip non existing resourceDirectory /Users/hongbotian/git/365days/2015/0116/src/test/resources
2015-01-16 16:40:46,029 [Worker-8] INFO  o.e.m.c.i.embedder.EclipseLogger - Using 'UTF-8' encoding to copy filtered resources.
2015-01-16 16:40:46,030 [Worker-8] INFO  o.e.m.c.i.embedder.EclipseLogger - Copying 0 resource
2015-01-16 16:40:46,030 [Worker-8] INFO  o.e.m.c.i.embedder.EclipseLogger - Copying 0 resource
2015-01-16 16:40:46,032 [Worker-8] INFO  o.e.m.c.i.embedder.EclipseLogger - Using 'UTF-8' encoding to copy filtered resources.
2015-01-16 16:40:46,032 [Worker-8] INFO  o.e.m.c.i.embedder.EclipseLogger - skip non existing resourceDirectory /Users/hongbotian/git/365days/2015/0116/src/test/resources
2015-01-16 16:41:57,347 [Worker-0] INFO  o.e.m.c.i.l.LifecycleMappingFactory - Using org.eclipse.m2e.jdt.JarLifecycleMapping lifecycle mapping for MavenProject: org.springframework:gs-handling-form-submission:0.1.0 @ /Users/hongbotian/git/365days/2015/0116/pom.xml.
2015-01-16 16:41:57,789 [Worker-0] INFO  o.e.m.c.i.embedder.EclipseLogger - Using 'UTF-8' encoding to copy filtered resources.
2015-01-16 16:41:57,790 [Worker-0] INFO  o.e.m.c.i.embedder.EclipseLogger - Copying 0 resource
2015-01-16 16:41:57,791 [Worker-0] INFO  o.e.m.c.i.embedder.EclipseLogger - Copying 2 resources
2015-01-16 16:41:57,795 [Worker-0] INFO  o.e.m.c.i.embedder.EclipseLogger - Using 'UTF-8' encoding to copy filtered resources.
2015-01-16 16:41:57,796 [Worker-0] INFO  o.e.m.c.i.embedder.EclipseLogger - skip non existing resourceDirectory /Users/hongbotian/git/365days/2015/0116/src/test/resources
2015-01-16 16:41:59,150 [Worker-5] INFO  o.e.m.c.i.embedder.EclipseLogger - Using 'UTF-8' encoding to copy filtered resources.
2015-01-16 16:41:59,151 [Worker-5] INFO  o.e.m.c.i.embedder.EclipseLogger - Copying 0 resource
2015-01-16 16:41:59,151 [Worker-5] INFO  o.e.m.c.i.embedder.EclipseLogger - Copying 0 resource
2015-01-16 16:41:59,153 [Worker-5] INFO  o.e.m.c.i.embedder.EclipseLogger - Using 'UTF-8' encoding to copy filtered resources.
2015-01-16 16:41:59,154 [Worker-5] INFO  o.e.m.c.i.embedder.EclipseLogger - skip non existing resourceDirectory /Users/hongbotian/git/365days/2015/0116/src/test/resources
2015-01-16 16:42:08,038 [Worker-11] INFO  o.e.m.c.i.l.LifecycleMappingFactory - Using org.eclipse.m2e.jdt.JarLifecycleMapping lifecycle mapping for MavenProject: org.springframework:gs-handling-form-submission:0.1.0 @ /Users/hongbotian/git/365days/2015/0116/pom.xml.
2015-01-16 16:42:08,341 [Worker-11] INFO  o.e.m.c.i.embedder.EclipseLogger - Using 'UTF-8' encoding to copy filtered resources.
2015-01-16 16:42:08,341 [Worker-11] INFO  o.e.m.c.i.embedder.EclipseLogger - Copying 0 resource
2015-01-16 16:42:08,342 [Worker-11] INFO  o.e.m.c.i.embedder.EclipseLogger - Copying 2 resources
2015-01-16 16:42:08,344 [Worker-11] INFO  o.e.m.c.i.embedder.EclipseLogger - Using 'UTF-8' encoding to copy filtered resources.
2015-01-16 16:42:08,344 [Worker-11] INFO  o.e.m.c.i.embedder.EclipseLogger - skip non existing resourceDirectory /Users/hongbotian/git/365days/2015/0116/src/test/resources
2015-01-16 16:42:27,851 [Worker-4] INFO  o.e.m.c.i.embedder.EclipseLogger - Using 'UTF-8' encoding to copy filtered resources.
2015-01-16 16:42:27,851 [Worker-4] INFO  o.e.m.c.i.embedder.EclipseLogger - Copying 0 resource
2015-01-16 16:42:27,851 [Worker-4] INFO  o.e.m.c.i.embedder.EclipseLogger - Copying 0 resource
2015-01-16 16:42:27,855 [Worker-4] INFO  o.e.m.c.i.embedder.EclipseLogger - Using 'UTF-8' encoding to copy filtered resources.
2015-01-16 16:42:27,855 [Worker-4] INFO  o.e.m.c.i.embedder.EclipseLogger - skip non existing resourceDirectory /Users/hongbotian/git/365days/2015/0116/src/test/resources
2015-01-16 16:49:46,210 [Worker-7] INFO  o.e.m.c.i.embedder.EclipseLogger - Using 'UTF-8' encoding to copy filtered resources.
2015-01-16 16:49:46,210 [Worker-7] INFO  o.e.m.c.i.embedder.EclipseLogger - Copying 0 resource
2015-01-16 16:49:46,211 [Worker-7] INFO  o.e.m.c.i.embedder.EclipseLogger - Copying 2 resources
2015-01-16 16:49:46,213 [Worker-7] INFO  o.e.m.c.i.embedder.EclipseLogger - Using 'UTF-8' encoding to copy filtered resources.
2015-01-16 16:49:46,213 [Worker-7] INFO  o.e.m.c.i.embedder.EclipseLogger - skip non existing resourceDirectory /Users/hongbotian/git/365days/2015/0116/src/test/resources
2015-01-16 16:59:27,074 [Worker-1] INFO  o.e.m.c.i.embedder.EclipseLogger - Using 'UTF-8' encoding to copy filtered resources.
2015-01-16 16:59:27,076 [Worker-1] INFO  o.e.m.c.i.embedder.EclipseLogger - Copying 0 resource
2015-01-16 16:59:27,076 [Worker-1] INFO  o.e.m.c.i.embedder.EclipseLogger - Copying 1 resource
2015-01-16 16:59:27,079 [Worker-1] INFO  o.e.m.c.i.embedder.EclipseLogger - Using 'UTF-8' encoding to copy filtered resources.
2015-01-16 16:59:27,079 [Worker-1] INFO  o.e.m.c.i.embedder.EclipseLogger - skip non existing resourceDirectory /Users/hongbotian/git/365days/2015/0116/src/test/resources
2015-01-16 17:07:08,930 [Worker-0] INFO  o.e.m.c.i.embedder.EclipseLogger - Using 'UTF-8' encoding to copy filtered resources.
2015-01-16 17:07:08,930 [Worker-0] INFO  o.e.m.c.i.embedder.EclipseLogger - Copying 0 resource
2015-01-16 17:07:08,931 [Worker-0] INFO  o.e.m.c.i.embedder.EclipseLogger - Copying 1 resource
2015-01-16 17:07:08,933 [Worker-0] INFO  o.e.m.c.i.embedder.EclipseLogger - Using 'UTF-8' encoding to copy filtered resources.
2015-01-16 17:07:08,933 [Worker-0] INFO  o.e.m.c.i.embedder.EclipseLogger - skip non existing resourceDirectory /Users/hongbotian/git/365days/2015/0116/src/test/resources
2015-01-16 17:08:50,208 [Worker-4] INFO  o.e.m.c.i.embedder.EclipseLogger - Using 'UTF-8' encoding to copy filtered resources.
2015-01-16 17:08:50,209 [Worker-4] INFO  o.e.m.c.i.embedder.EclipseLogger - Copying 0 resource
2015-01-16 17:08:50,209 [Worker-4] INFO  o.e.m.c.i.embedder.EclipseLogger - Copying 0 resource
2015-01-16 17:08:50,211 [Worker-4] INFO  o.e.m.c.i.embedder.EclipseLogger - Using 'UTF-8' encoding to copy filtered resources.
2015-01-16 17:08:50,211 [Worker-4] INFO  o.e.m.c.i.embedder.EclipseLogger - skip non existing resourceDirectory /Users/hongbotian/git/365days/2015/0116/src/test/resources
2015-01-16 17:11:07,036 [Worker-0] INFO  o.e.m.c.i.embedder.EclipseLogger - Using 'UTF-8' encoding to copy filtered resources.
2015-01-16 17:11:07,037 [Worker-0] INFO  o.e.m.c.i.embedder.EclipseLogger - Copying 0 resource
2015-01-16 17:11:07,037 [Worker-0] INFO  o.e.m.c.i.embedder.EclipseLogger - Copying 2 resources
2015-01-16 17:11:07,039 [Worker-0] INFO  o.e.m.c.i.embedder.EclipseLogger - Using 'UTF-8' encoding to copy filtered resources.
2015-01-16 17:11:07,039 [Worker-0] INFO  o.e.m.c.i.embedder.EclipseLogger - skip non existing resourceDirectory /Users/hongbotian/git/365days/2015/0116/src/test/resources
2015-01-16 17:11:11,979 [Worker-8] INFO  o.e.m.c.i.embedder.EclipseLogger - Using 'UTF-8' encoding to copy filtered resources.
2015-01-16 17:11:11,979 [Worker-8] INFO  o.e.m.c.i.embedder.EclipseLogger - Copying 0 resource
2015-01-16 17:11:11,980 [Worker-8] INFO  o.e.m.c.i.embedder.EclipseLogger - Copying 2 resources
2015-01-16 17:11:11,981 [Worker-8] INFO  o.e.m.c.i.embedder.EclipseLogger - Using 'UTF-8' encoding to copy filtered resources.
2015-01-16 17:11:11,982 [Worker-8] INFO  o.e.m.c.i.embedder.EclipseLogger - skip non existing resourceDirectory /Users/hongbotian/git/365days/2015/0116/src/test/resources
